{"level":"info","message":"GET / 404 2.120 ms","timestamp":"2025-08-08T09:21:57.153Z"}
{"level":"info","message":"GET /api-docs 301 1.589 ms","timestamp":"2025-08-08T09:22:02.138Z"}
{"level":"info","message":"GET /api-docs/ 200 1.973 ms","timestamp":"2025-08-08T09:22:02.142Z"}
{"level":"info","message":"GET /api-docs/swagger-ui-init.js 200 0.351 ms","timestamp":"2025-08-08T09:22:02.184Z"}
{"level":"info","message":"GET /api-docs/swagger-ui.css 200 52.631 ms","timestamp":"2025-08-08T09:22:02.234Z"}
{"level":"info","message":"GET /api-docs/swagger-ui-standalone-preset.js 200 52.848 ms","timestamp":"2025-08-08T09:22:02.236Z"}
{"level":"info","message":"GET /api-docs/swagger-ui-bundle.js 200 62.613 ms","timestamp":"2025-08-08T09:22:02.246Z"}
{"level":"info","message":"GET /api-docs/favicon-32x32.png 200 1.287 ms","timestamp":"2025-08-08T09:22:02.379Z"}
{"level":"info","message":"GET /api-docs/ 304 3.489 ms","timestamp":"2025-08-08T09:44:20.961Z"}
{"level":"info","message":"GET /api-docs/swagger-ui.css 304 1.080 ms","timestamp":"2025-08-08T09:44:20.989Z"}
{"level":"info","message":"GET /api-docs/swagger-ui-init.js 304 0.466 ms","timestamp":"2025-08-08T09:44:20.992Z"}
{"level":"info","message":"GET /api-docs/swagger-ui-bundle.js 304 1.987 ms","timestamp":"2025-08-08T09:44:20.993Z"}
{"level":"info","message":"GET /api-docs/swagger-ui-standalone-preset.js 304 2.060 ms","timestamp":"2025-08-08T09:44:20.993Z"}
{"level":"info","message":"GET / 404 3.382 ms","timestamp":"2025-08-08T09:51:57.481Z"}
{"level":"info","message":"GET /api-docs/ 304 2.974 ms","timestamp":"2025-08-08T09:52:00.368Z"}
{"level":"info","message":"GET /api-docs/swagger-ui.css 304 1.851 ms","timestamp":"2025-08-08T09:52:00.397Z"}
{"level":"info","message":"GET /api-docs/swagger-ui-init.js 200 1.170 ms","timestamp":"2025-08-08T09:52:00.402Z"}
{"level":"info","message":"GET /api-docs/swagger-ui-bundle.js 304 2.795 ms","timestamp":"2025-08-08T09:52:00.403Z"}
{"level":"info","message":"GET /api-docs/swagger-ui-standalone-preset.js 304 3.051 ms","timestamp":"2025-08-08T09:52:00.403Z"}
{"level":"info","message":"POST /run/schedule?startTime=11%3A56&endTime=12%3A15&testName=Trial 200 2.191 ms","timestamp":"2025-08-08T09:52:20.948Z"}
